<?xml version="1.0" encoding="UTF-8"?>
<!-- Generated by org.testng.reporters.JUnitReportReporter -->
<testsuite hostname="DESKTOP-5VHKQUJ" failures="1" tests="4" name="com.ae.qa.testcasesTenantAdmin.HomePageTestTA" time="125.103" errors="0" timestamp="2023-04-29T19:10:11 IST" skipped="0">
  <testcase classname="com.ae.qa.testcasesTenantAdmin.HomePageTestTA" name="validateUploadLicenseTest" time="52.453"/>
  <system-out>
    <![CDATA[Workflows Tab is clicked
Import button clicked
Create Button is clicked
Import is not possible w/o License 
HomeTab is clicked
Upload Licens ebox is clicked
License file submitted
Upload button is clicked
License Uploaded successfully for Tenant
User signed out successfully]]>
  </system-out>
  <testcase classname="com.ae.qa.testcasesTenantAdmin.HomePageTestTA" name="validateSearchFunctionalityTATest" time="18.499"/>
  <system-out>
    <![CDATA[User log in Successfully
User searched for functionality: Single Sign-On and Found is: Single Sign-On
Search Functionality working properly
User signed out successfully]]>
  </system-out>
  <testcase classname="com.ae.qa.testcasesTenantAdmin.HomePageTestTA" name="validateLicenseDetailTabTest" time="24.792">
    <failure message="expected [true] but found [false]" type="java.lang.AssertionError">
      <![CDATA[java.lang.AssertionError: expected [true] but found [false]
at org.testng.Assert.fail(Assert.java:110)
at org.testng.Assert.failNotEquals(Assert.java:1413)
at org.testng.Assert.assertTrue(Assert.java:56)
at org.testng.Assert.assertTrue(Assert.java:66)
at com.ae.qa.pagesTenantAdmin.HomePageTA.validateLicenseDetailTab(HomePageTA.java:245)
at com.ae.qa.testcasesTenantAdmin.HomePageTestTA.validateLicenseDetailTabTest(HomePageTestTA.java:55)
at java.base/jdk.internal.reflect.NativeMethodAccessorImpl.invoke0(Native Method)
at java.base/jdk.internal.reflect.NativeMethodAccessorImpl.invoke(NativeMethodAccessorImpl.java:78)
at java.base/jdk.internal.reflect.DelegatingMethodAccessorImpl.invoke(DelegatingMethodAccessorImpl.java:43)
at java.base/java.lang.reflect.Method.invoke(Method.java:567)
at org.testng.internal.invokers.MethodInvocationHelper.invokeMethod(MethodInvocationHelper.java:139)
at org.testng.internal.invokers.TestInvoker.invokeMethod(TestInvoker.java:677)
at org.testng.internal.invokers.TestInvoker.invokeTestMethod(TestInvoker.java:221)
at org.testng.internal.invokers.MethodRunner.runInSequence(MethodRunner.java:50)
at org.testng.internal.invokers.TestInvoker$MethodInvocationAgent.invoke(TestInvoker.java:962)
at org.testng.internal.invokers.TestInvoker.invokeTestMethods(TestInvoker.java:194)
at org.testng.internal.invokers.TestMethodWorker.invokeTestMethods(TestMethodWorker.java:148)
at org.testng.internal.invokers.TestMethodWorker.run(TestMethodWorker.java:128)
at java.base/java.util.concurrent.ThreadPoolExecutor.runWorker(ThreadPoolExecutor.java:1130)
at java.base/java.util.concurrent.ThreadPoolExecutor$Worker.run(ThreadPoolExecutor.java:630)
at java.base/java.lang.Thread.run(Thread.java:831)
]]>
    </failure>
  </testcase> <!-- validateLicenseDetailTabTest -->
  <system-out>
    <![CDATA[User log in Successfully
Home Tab is clicked
License Details Tab is clicked
No record(s) found!
Actual License details :-[No record(s) found!]
Expected License details :-[DEVELOPMENT, 10, 20, 3, 10000, 30, 15-Sep-2022, 14-Sep-2023]]]>
  </system-out>
  <testcase classname="com.ae.qa.testcasesTenantAdmin.HomePageTestTA" name="validateLicenseDetailHomepageTest" time="29.359"/>
  <system-out>
    <![CDATA[User log in Successfully
Actual Agent Thread count:-20
Actual Step Units count:-10000
Actual Expiry Date:-14-Sep-2023
License details on Homepage are validated successfully
User signed out successfully]]>
  </system-out>
</testsuite> <!-- com.ae.qa.testcasesTenantAdmin.HomePageTestTA -->
